2026-06-12T12:18:01.022+07:00  INFO 8892 --- [ApexBadminton] [restartedMain] c.e.badminton.ApexBadmintonApplication   : Starting ApexBadmintonApplication using Java 17.0.19 with PID 8892 (D:\ApexBadminton\build\classes\java\main started by HCLaptop.com in D:\ApexBadminton)
2026-06-12T12:18:01.033+07:00  INFO 8892 --- [ApexBadminton] [restartedMain] c.e.badminton.ApexBadmintonApplication   : No active profile set, falling back to 1 default profile: "default"
2026-06-12T12:18:01.123+07:00  INFO 8892 --- [ApexBadminton] [restartedMain] .e.DevToolsPropertyDefaultsPostProcessor : Devtools property defaults active! Set 'spring.devtools.add-properties' to 'false' to disable
2026-06-12T12:18:01.124+07:00  INFO 8892 --- [ApexBadminton] [restartedMain] .e.DevToolsPropertyDefaultsPostProcessor : For additional web related logging consider setting the 'logging.level.web' property to 'DEBUG'
2026-06-12T12:18:02.308+07:00  INFO 8892 --- [ApexBadminton] [restartedMain] .s.d.r.c.RepositoryConfigurationDelegate : Bootstrapping Spring Data JPA repositories in DEFAULT mode.
2026-06-12T12:18:02.398+07:00  INFO 8892 --- [ApexBadminton] [restartedMain] .s.d.r.c.RepositoryConfigurationDelegate : Finished Spring Data repository scanning in 77 ms. Found 7 JPA repository interfaces.
2026-06-12T12:18:03.224+07:00  INFO 8892 --- [ApexBadminton] [restartedMain] o.s.boot.tomcat.TomcatWebServer          : Tomcat initialized with port 8080 (http)
2026-06-12T12:18:03.242+07:00  INFO 8892 --- [ApexBadminton] [restartedMain] o.apache.catalina.core.StandardService   : Starting service [Tomcat]
2026-06-12T12:18:03.242+07:00  INFO 8892 --- [ApexBadminton] [restartedMain] o.apache.catalina.core.StandardEngine    : Starting Servlet engine: [Apache Tomcat/11.0.21]
2026-06-12T12:18:03.317+07:00  INFO 8892 --- [ApexBadminton] [restartedMain] b.w.c.s.WebApplicationContextInitializer : Root WebApplicationContext: initialization completed in 2192 ms
2026-06-12T12:18:03.568+07:00  INFO 8892 --- [ApexBadminton] [restartedMain] org.hibernate.orm.jpa                    : HHH008540: Processing PersistenceUnitInfo [name: default]
2026-06-12T12:18:03.672+07:00  INFO 8892 --- [ApexBadminton] [restartedMain] org.hibernate.orm.core                   : HHH000001: Hibernate ORM core version 7.2.12.Final
2026-06-12T12:18:04.425+07:00  INFO 8892 --- [ApexBadminton] [restartedMain] o.s.o.j.p.SpringPersistenceUnitInfo      : No LoadTimeWeaver setup: ignoring JPA class transformer
2026-06-12T12:18:04.469+07:00  INFO 8892 --- [ApexBadminton] [restartedMain] com.zaxxer.hikari.HikariDataSource       : HikariPool-1 - Starting...
2026-06-12T12:18:04.950+07:00  INFO 8892 --- [ApexBadminton] [restartedMain] com.zaxxer.hikari.pool.HikariPool        : HikariPool-1 - Added connection com.mysql.cj.jdbc.ConnectionImpl@5a7c2f72
2026-06-12T12:18:04.952+07:00  INFO 8892 --- [ApexBadminton] [restartedMain] com.zaxxer.hikari.HikariDataSource       : HikariPool-1 - Start completed.
2026-06-12T12:18:05.072+07:00  INFO 8892 --- [ApexBadminton] [restartedMain] org.hibernate.orm.connections.pooling    : HHH10001005: Database info:
	Database JDBC URL [jdbc:mysql://localhost:3306/apexbadminton_DB?createDatabaseIfNotExist=true]
	Database driver: MySQL Connector/J
	Database dialect: MySQLDialect
	Database version: 8.0.40
	Default catalog/schema: apexbadminton_DB/undefined
	Autocommit mode: undefined/unknown
	Isolation level: REPEATABLE_READ [default REPEATABLE_READ]
	JDBC fetch size: none
	Pool: DataSourceConnectionProvider
	Minimum pool size: undefined/unknown
	Maximum pool size: undefined/unknown
2026-06-12T12:18:06.637+07:00  INFO 8892 --- [ApexBadminton] [restartedMain] org.hibernate.orm.core                   : HHH000489: No JTA platform available (set 'hibernate.transaction.jta.platform' to enable JTA platform integration)
2026-06-12T12:18:06.833+07:00  INFO 8892 --- [ApexBadminton] [restartedMain] j.LocalContainerEntityManagerFactoryBean : Initialized JPA EntityManagerFactory for persistence unit 'default'
2026-06-12T12:18:06.951+07:00  INFO 8892 --- [ApexBadminton] [restartedMain] o.s.d.j.r.query.QueryEnhancerFactories   : Hibernate is in classpath; If applicable, HQL parser will be used.
2026-06-12T12:18:08.199+07:00  INFO 8892 --- [ApexBadminton] [restartedMain] eAuthenticationProviderManagerConfigurer : Global AuthenticationManager configured with AuthenticationProvider bean with name authenticationProvider
2026-06-12T12:18:08.199+07:00  WARN 8892 --- [ApexBadminton] [restartedMain] r$InitializeUserDetailsManagerConfigurer : Global AuthenticationManager configured with an AuthenticationProvider bean. UserDetailsService beans will not be used by Spring Security for automatically configuring username/password login. Consider removing the AuthenticationProvider bean. Alternatively, consider using the UserDetailsService in a manually instantiated DaoAuthenticationProvider. If the current configuration is intentional, to turn off this warning, increase the logging level of 'org.springframework.security.config.annotation.authentication.configuration.InitializeUserDetailsBeanManagerConfigurer' to ERROR
2026-06-12T12:18:08.609+07:00  WARN 8892 --- [ApexBadminton] [restartedMain] JpaBaseConfiguration$JpaWebConfiguration : spring.jpa.open-in-view is enabled by default. Therefore, database queries may be performed during view rendering. Explicitly configure spring.jpa.open-in-view to disable this warning
2026-06-12T12:18:09.515+07:00  INFO 8892 --- [ApexBadminton] [restartedMain] o.s.boot.tomcat.TomcatWebServer          : Tomcat started on port 8080 (http) with context path '/'
2026-06-12T12:18:09.522+07:00  INFO 8892 --- [ApexBadminton] [restartedMain] c.e.badminton.ApexBadmintonApplication   : Started ApexBadmintonApplication in 9.433 seconds (process running for 11.411)
2026-06-12T12:18:19.829+07:00  INFO 8892 --- [ApexBadminton] [SpringApplicationShutdownHook] o.s.boot.tomcat.GracefulShutdown         : Commencing graceful shutdown. Waiting for active requests to complete
2026-06-12T12:18:20.084+07:00  INFO 8892 --- [ApexBadminton] [tomcat-shutdown] o.s.boot.tomcat.GracefulShutdown         : Graceful shutdown complete
2026-06-12T12:18:20.091+07:00  INFO 8892 --- [ApexBadminton] [SpringApplicationShutdownHook] j.LocalContainerEntityManagerFactoryBean : Closing JPA EntityManagerFactory for persistence unit 'default'
2026-06-12T12:18:20.094+07:00  INFO 8892 --- [ApexBadminton] [SpringApplicationShutdownHook] com.zaxxer.hikari.HikariDataSource       : HikariPool-1 - Shutdown initiated...
2026-06-12T12:18:20.103+07:00  INFO 8892 --- [ApexBadminton] [SpringApplicationShutdownHook] com.zaxxer.hikari.HikariDataSource       : HikariPool-1 - Shutdown completed.
